# JRE version: OpenJDK Runtime Environment (8.0_242-b01) (build 1.8.0_242-release-1644-b01)
# Java VM: OpenJDK 64-Bit Server VM (25.242-b01 mixed mode windows-amd64 compressed oops)
Heap:
 PSYoungGen      total 614912K, used 284712K [0x00000000d5580000, 0x00000000fff00000, 0x0000000100000000)
  eden space 534016K, 51% used [0x00000000d5580000,0x00000000e639bff0,0x00000000f5f00000)
  from space 80896K, 10% used [0x00000000f5f00000,0x00000000f66ee060,0x00000000fae00000)
  to   space 80384K, 0% used [0x00000000fb080000,0x00000000fb080000,0x00000000fff00000)
 ParOldGen       total 293888K, used 184193K [0x0000000080000000, 0x0000000091f00000, 0x00000000d5580000)
  object space 293888K, 62% used [0x0000000080000000,0x000000008b3e05c0,0x0000000091f00000)
 Metaspace       used 144537K, capacity 154312K, committed 154520K, reserved 1183744K
  class space    used 18579K, capacity 20355K, committed 20400K, reserved 1048576K
GC Heap History (10 events):
Event: 1993.703 GC heap before
{Heap before GC invocations=43 (full 4):
 PSYoungGen      total 470528K, used 470522K [0x00000000d5580000, 0x00000000fb480000, 0x0000000100000000)
  eden space 402432K, 100% used [0x00000000d5580000,0x00000000ede80000,0x00000000ede80000)
  from space 68096K, 99% used [0x00000000f3000000,0x00000000f727e998,0x00000000f7280000)
  to   space 83456K, 0% used [0x00000000ede80000,0x00000000ede80000,0x00000000f3000000)
 ParOldGen       total 293888K, used 112000K [0x0000000080000000, 0x0000000091f00000, 0x00000000d5580000)
  object space 293888K, 38% used [0x0000000080000000,0x0000000086d600f8,0x0000000091f00000)
 Metaspace       used 143833K, capacity 153538K, committed 153752K, reserved 1183744K
  class space    used 18573K, capacity 20348K, committed 20400K, reserved 1048576K
Event: 1993.771 GC heap after
Heap after GC invocations=43 (full 4):
 PSYoungGen      total 485888K, used 51053K [0x00000000d5580000, 0x00000000fbd00000, 0x0000000100000000)
  eden space 402432K, 0% used [0x00000000d5580000,0x00000000d5580000,0x00000000ede80000)
  from space 83456K, 61% used [0x00000000ede80000,0x00000000f105b588,0x00000000f3000000)
  to   space 83968K, 0% used [0x00000000f6b00000,0x00000000f6b00000,0x00000000fbd00000)
 ParOldGen       total 293888K, used 128405K [0x0000000080000000, 0x0000000091f00000, 0x00000000d5580000)
  object space 293888K, 43% used [0x0000000080000000,0x0000000087d657e8,0x0000000091f00000)
 Metaspace       used 143833K, capacity 153538K, committed 153752K, reserved 1183744K
  class space    used 18573K, capacity 20348K, committed 20400K, reserved 1048576K
}
Event: 1994.645 GC heap before
{Heap before GC invocations=44 (full 4):
 PSYoungGen      total 485888K, used 453485K [0x00000000d5580000, 0x00000000fbd00000, 0x0000000100000000)
  eden space 402432K, 100% used [0x00000000d5580000,0x00000000ede80000,0x00000000ede80000)
  from space 83456K, 61% used [0x00000000ede80000,0x00000000f105b588,0x00000000f3000000)
  to   space 83968K, 0% used [0x00000000f6b00000,0x00000000f6b00000,0x00000000fbd00000)
 ParOldGen       total 293888K, used 128405K [0x0000000080000000, 0x0000000091f00000, 0x00000000d5580000)
  object space 293888K, 43% used [0x0000000080000000,0x0000000087d657e8,0x0000000091f00000)
 Metaspace       used 144102K, capacity 153878K, committed 154008K, reserved 1183744K
  class space    used 18575K, capacity 20352K, committed 20400K, reserved 1048576K
Event: 1994.712 GC heap after
Heap after GC invocations=44 (full 4):
 PSYoungGen      total 549376K, used 41712K [0x00000000d5580000, 0x00000000fc080000, 0x0000000100000000)
  eden space 465408K, 0% used [0x00000000d5580000,0x00000000d5580000,0x00000000f1c00000)
  from space 83968K, 49% used [0x00000000f6b00000,0x00000000f93bc2f0,0x00000000fbd00000)
  to   space 80896K, 0% used [0x00000000f1c00000,0x00000000f1c00000,0x00000000f6b00000)
 ParOldGen       total 293888K, used 141915K [0x0000000080000000, 0x0000000091f00000, 0x00000000d5580000)
  object space 293888K, 48% used [0x0000000080000000,0x0000000088a96d88,0x0000000091f00000)
 Metaspace       used 144102K, capacity 153878K, committed 154008K, reserved 1183744K
  class space    used 18575K, capacity 20352K, committed 20400K, reserved 1048576K
}
Event: 1995.497 GC heap before
{Heap before GC invocations=45 (full 4):
 PSYoungGen      total 549376K, used 507120K [0x00000000d5580000, 0x00000000fc080000, 0x0000000100000000)
  eden space 465408K, 100% used [0x00000000d5580000,0x00000000f1c00000,0x00000000f1c00000)
  from space 83968K, 49% used [0x00000000f6b00000,0x00000000f93bc2f0,0x00000000fbd00000)
  to   space 80896K, 0% used [0x00000000f1c00000,0x00000000f1c00000,0x00000000f6b00000)
 ParOldGen       total 293888K, used 141915K [0x0000000080000000, 0x0000000091f00000, 0x00000000d5580000)
  object space 293888K, 48% used [0x0000000080000000,0x0000000088a96d88,0x0000000091f00000)
 Metaspace       used 144217K, capacity 153962K, committed 154008K, reserved 1183744K
  class space    used 18579K, capacity 20354K, committed 20400K, reserved 1048576K
Event: 1995.545 GC heap after
Heap after GC invocations=45 (full 4):
 PSYoungGen      total 546304K, used 12347K [0x00000000d5580000, 0x00000000ffd00000, 0x0000000100000000)
  eden space 465408K, 0% used [0x00000000d5580000,0x00000000d5580000,0x00000000f1c00000)
  from space 80896K, 15% used [0x00000000f1c00000,0x00000000f280ed58,0x00000000f6b00000)
  to   space 80896K, 0% used [0x00000000fae00000,0x00000000fae00000,0x00000000ffd00000)
 ParOldGen       total 293888K, used 171588K [0x0000000080000000, 0x0000000091f00000, 0x00000000d5580000)
  object space 293888K, 58% used [0x0000000080000000,0x000000008a791000,0x0000000091f00000)
 Metaspace       used 144217K, capacity 153962K, committed 154008K, reserved 1183744K
  class space    used 18579K, capacity 20354K, committed 20400K, reserved 1048576K
}
Event: 1996.365 GC heap before
{Heap before GC invocations=46 (full 4):
 PSYoungGen      total 546304K, used 477755K [0x00000000d5580000, 0x00000000ffd00000, 0x0000000100000000)
  eden space 465408K, 100% used [0x00000000d5580000,0x00000000f1c00000,0x00000000f1c00000)
  from space 80896K, 15% used [0x00000000f1c00000,0x00000000f280ed58,0x00000000f6b00000)
  to   space 80896K, 0% used [0x00000000fae00000,0x00000000fae00000,0x00000000ffd00000)
 ParOldGen       total 293888K, used 171588K [0x0000000080000000, 0x0000000091f00000, 0x00000000d5580000)
  object space 293888K, 58% used [0x0000000080000000,0x000000008a791000,0x0000000091f00000)
 Metaspace       used 144304K, capacity 154098K, committed 154264K, reserved 1183744K
  class space    used 18579K, capacity 20354K, committed 20400K, reserved 1048576K
Event: 1996.395 GC heap after
Heap after GC invocations=46 (full 4):
 PSYoungGen      total 614912K, used 9916K [0x00000000d5580000, 0x0000000100000000, 0x0000000100000000)
  eden space 534016K, 0% used [0x00000000d5580000,0x00000000d5580000,0x00000000f5f00000)
  from space 80896K, 12% used [0x00000000fae00000,0x00000000fb7af238,0x00000000ffd00000)
  to   space 80896K, 0% used [0x00000000f5f00000,0x00000000f5f00000,0x00000000fae00000)
 ParOldGen       total 293888K, used 178273K [0x0000000080000000, 0x0000000091f00000, 0x00000000d5580000)
  object space 293888K, 60% used [0x0000000080000000,0x000000008ae184f8,0x0000000091f00000)
 Metaspace       used 144304K, capacity 154098K, committed 154264K, reserved 1183744K
  class space    used 18579K, capacity 20354K, committed 20400K, reserved 1048576K
}
Event: 1997.787 GC heap before
{Heap before GC invocations=47 (full 4):
 PSYoungGen      total 614912K, used 543932K [0x00000000d5580000, 0x0000000100000000, 0x0000000100000000)
  eden space 534016K, 100% used [0x00000000d5580000,0x00000000f5f00000,0x00000000f5f00000)
  from space 80896K, 12% used [0x00000000fae00000,0x00000000fb7af238,0x00000000ffd00000)
  to   space 80896K, 0% used [0x00000000f5f00000,0x00000000f5f00000,0x00000000fae00000)
 ParOldGen       total 293888K, used 178273K [0x0000000080000000, 0x0000000091f00000, 0x00000000d5580000)
  object space 293888K, 60% used [0x0000000080000000,0x000000008ae184f8,0x0000000091f00000)
 Metaspace       used 144499K, capacity 154244K, committed 154520K, reserved 1183744K
  class space    used 18579K, capacity 20355K, committed 20400K, reserved 1048576K
Event: 1997.807 GC heap after
Heap after GC invocations=47 (full 4):
 PSYoungGen      total 614912K, used 8120K [0x00000000d5580000, 0x00000000fff00000, 0x0000000100000000)
  eden space 534016K, 0% used [0x00000000d5580000,0x00000000d5580000,0x00000000f5f00000)
  from space 80896K, 10% used [0x00000000f5f00000,0x00000000f66ee060,0x00000000fae00000)
  to   space 80384K, 0% used [0x00000000fb080000,0x00000000fb080000,0x00000000fff00000)
 ParOldGen       total 293888K, used 184193K [0x0000000080000000, 0x0000000091f00000, 0x00000000d5580000)
  object space 293888K, 62% used [0x0000000080000000,0x000000008b3e05c0,0x0000000091f00000)
 Metaspace       used 144499K, capacity 154244K, committed 154520K, reserved 1183744K
  class space    used 18579K, capacity 20355K, committed 20400K, reserved 1048576K
}

