# JRE version: OpenJDK Runtime Environment (8.0_242-b01) (build 1.8.0_242-release-1644-b01)
# Java VM: OpenJDK 64-Bit Server VM (25.242-b01 mixed mode windows-amd64 compressed oops)
Heap:
 PSYoungGen      total 481792K, used 340644K [0x00000000d5580000, 0x00000000fc680000, 0x0000000100000000)
  eden space 402432K, 83% used [0x00000000d5580000,0x00000000e9be0ed0,0x00000000ede80000)
  from space 79360K, 8% used [0x00000000ede80000,0x00000000ee4c83b8,0x00000000f2c00000)
  to   space 79360K, 0% used [0x00000000f7900000,0x00000000f7900000,0x00000000fc680000)
 ParOldGen       total 287232K, used 166120K [0x0000000080000000, 0x0000000091880000, 0x00000000d5580000)
  object space 287232K, 57% used [0x0000000080000000,0x000000008a23a008,0x0000000091880000)
 Metaspace       used 116663K, capacity 123998K, committed 124236K, reserved 1157120K
  class space    used 15129K, capacity 16497K, committed 16512K, reserved 1048576K
GC Heap History (10 events):
Event: 2080.301 GC heap before
{Heap before GC invocations=31 (full 4):
 PSYoungGen      total 351744K, used 351736K [0x00000000d5580000, 0x00000000f1600000, 0x0000000100000000)
  eden space 304128K, 100% used [0x00000000d5580000,0x00000000e7e80000,0x00000000e7e80000)
  from space 47616K, 99% used [0x00000000ebf80000,0x00000000eedfe200,0x00000000eee00000)
  to   space 66560K, 0% used [0x00000000e7e80000,0x00000000e7e80000,0x00000000ebf80000)
 ParOldGen       total 287232K, used 120193K [0x0000000080000000, 0x0000000091880000, 0x00000000d5580000)
  object space 287232K, 41% used [0x0000000080000000,0x00000000875604b8,0x0000000091880000)
 Metaspace       used 114874K, capacity 121840K, committed 121932K, reserved 1155072K
  class space    used 14929K, capacity 16252K, committed 16256K, reserved 1048576K
Event: 2080.357 GC heap after
Heap after GC invocations=31 (full 4):
 PSYoungGen      total 370688K, used 51800K [0x00000000d5580000, 0x00000000f3500000, 0x0000000100000000)
  eden space 304128K, 0% used [0x00000000d5580000,0x00000000d5580000,0x00000000e7e80000)
  from space 66560K, 77% used [0x00000000e7e80000,0x00000000eb116190,0x00000000ebf80000)
  to   space 71680K, 0% used [0x00000000eef00000,0x00000000eef00000,0x00000000f3500000)
 ParOldGen       total 287232K, used 120723K [0x0000000080000000, 0x0000000091880000, 0x00000000d5580000)
  object space 287232K, 42% used [0x0000000080000000,0x00000000875e4de0,0x0000000091880000)
 Metaspace       used 114874K, capacity 121840K, committed 121932K, reserved 1155072K
  class space    used 14929K, capacity 16252K, committed 16256K, reserved 1048576K
}
Event: 2166.470 GC heap before
{Heap before GC invocations=32 (full 4):
 PSYoungGen      total 370688K, used 355928K [0x00000000d5580000, 0x00000000f3500000, 0x0000000100000000)
  eden space 304128K, 100% used [0x00000000d5580000,0x00000000e7e80000,0x00000000e7e80000)
  from space 66560K, 77% used [0x00000000e7e80000,0x00000000eb116190,0x00000000ebf80000)
  to   space 71680K, 0% used [0x00000000eef00000,0x00000000eef00000,0x00000000f3500000)
 ParOldGen       total 287232K, used 120723K [0x0000000080000000, 0x0000000091880000, 0x00000000d5580000)
  object space 287232K, 42% used [0x0000000080000000,0x00000000875e4de0,0x0000000091880000)
 Metaspace       used 116425K, capacity 123638K, committed 123724K, reserved 1157120K
  class space    used 15114K, capacity 16475K, committed 16512K, reserved 1048576K
Event: 2166.541 GC heap after
Heap after GC invocations=32 (full 4):
 PSYoungGen      total 413184K, used 56562K [0x00000000d5580000, 0x00000000f3b00000, 0x0000000100000000)
  eden space 341504K, 0% used [0x00000000d5580000,0x00000000d5580000,0x00000000ea300000)
  from space 71680K, 78% used [0x00000000eef00000,0x00000000f263c8e8,0x00000000f3500000)
  to   space 77824K, 0% used [0x00000000ea300000,0x00000000ea300000,0x00000000eef00000)
 ParOldGen       total 287232K, used 120731K [0x0000000080000000, 0x0000000091880000, 0x00000000d5580000)
  object space 287232K, 42% used [0x0000000080000000,0x00000000875e6de0,0x0000000091880000)
 Metaspace       used 116425K, capacity 123638K, committed 123724K, reserved 1157120K
  class space    used 15114K, capacity 16475K, committed 16512K, reserved 1048576K
}
Event: 2167.461 GC heap before
{Heap before GC invocations=33 (full 4):
 PSYoungGen      total 413184K, used 398066K [0x00000000d5580000, 0x00000000f3b00000, 0x0000000100000000)
  eden space 341504K, 100% used [0x00000000d5580000,0x00000000ea300000,0x00000000ea300000)
  from space 71680K, 78% used [0x00000000eef00000,0x00000000f263c8e8,0x00000000f3500000)
  to   space 77824K, 0% used [0x00000000ea300000,0x00000000ea300000,0x00000000eef00000)
 ParOldGen       total 287232K, used 120731K [0x0000000080000000, 0x0000000091880000, 0x00000000d5580000)
  object space 287232K, 42% used [0x0000000080000000,0x00000000875e6de0,0x0000000091880000)
 Metaspace       used 116525K, capacity 123768K, committed 123980K, reserved 1157120K
  class space    used 15127K, capacity 16494K, committed 16512K, reserved 1048576K
Event: 2167.529 GC heap after
Heap after GC invocations=33 (full 4):
 PSYoungGen      total 419328K, used 57674K [0x00000000d5580000, 0x00000000f7c80000, 0x0000000100000000)
  eden space 341504K, 0% used [0x00000000d5580000,0x00000000d5580000,0x00000000ea300000)
  from space 77824K, 74% used [0x00000000ea300000,0x00000000edb52808,0x00000000eef00000)
  to   space 82432K, 0% used [0x00000000f2c00000,0x00000000f2c00000,0x00000000f7c80000)
 ParOldGen       total 287232K, used 120739K [0x0000000080000000, 0x0000000091880000, 0x00000000d5580000)
  object space 287232K, 42% used [0x0000000080000000,0x00000000875e8de0,0x0000000091880000)
 Metaspace       used 116525K, capacity 123768K, committed 123980K, reserved 1157120K
  class space    used 15127K, capacity 16494K, committed 16512K, reserved 1048576K
}
Event: 2168.027 GC heap before
{Heap before GC invocations=34 (full 4):
 PSYoungGen      total 419328K, used 399178K [0x00000000d5580000, 0x00000000f7c80000, 0x0000000100000000)
  eden space 341504K, 100% used [0x00000000d5580000,0x00000000ea300000,0x00000000ea300000)
  from space 77824K, 74% used [0x00000000ea300000,0x00000000edb52808,0x00000000eef00000)
  to   space 82432K, 0% used [0x00000000f2c00000,0x00000000f2c00000,0x00000000f7c80000)
 ParOldGen       total 287232K, used 120739K [0x0000000080000000, 0x0000000091880000, 0x00000000d5580000)
  object space 287232K, 42% used [0x0000000080000000,0x00000000875e8de0,0x0000000091880000)
 Metaspace       used 116569K, capacity 123768K, committed 123980K, reserved 1157120K
  class space    used 15127K, capacity 16494K, committed 16512K, reserved 1048576K
Event: 2168.091 GC heap after
Heap after GC invocations=34 (full 4):
 PSYoungGen      total 484864K, used 25930K [0x00000000d5580000, 0x00000000f8380000, 0x0000000100000000)
  eden space 402432K, 0% used [0x00000000d5580000,0x00000000d5580000,0x00000000ede80000)
  from space 82432K, 31% used [0x00000000f2c00000,0x00000000f4552b20,0x00000000f7c80000)
  to   space 79360K, 0% used [0x00000000ede80000,0x00000000ede80000,0x00000000f2c00000)
 ParOldGen       total 287232K, used 155084K [0x0000000080000000, 0x0000000091880000, 0x00000000d5580000)
  object space 287232K, 53% used [0x0000000080000000,0x0000000089773330,0x0000000091880000)
 Metaspace       used 116569K, capacity 123768K, committed 123980K, reserved 1157120K
  class space    used 15127K, capacity 16494K, committed 16512K, reserved 1048576K
}
Event: 2169.047 GC heap before
{Heap before GC invocations=35 (full 4):
 PSYoungGen      total 484864K, used 428362K [0x00000000d5580000, 0x00000000f8380000, 0x0000000100000000)
  eden space 402432K, 100% used [0x00000000d5580000,0x00000000ede80000,0x00000000ede80000)
  from space 82432K, 31% used [0x00000000f2c00000,0x00000000f4552b20,0x00000000f7c80000)
  to   space 79360K, 0% used [0x00000000ede80000,0x00000000ede80000,0x00000000f2c00000)
 ParOldGen       total 287232K, used 155084K [0x0000000080000000, 0x0000000091880000, 0x00000000d5580000)
  object space 287232K, 53% used [0x0000000080000000,0x0000000089773330,0x0000000091880000)
 Metaspace       used 116586K, capacity 123832K, committed 123980K, reserved 1157120K
  class space    used 15127K, capacity 16494K, committed 16512K, reserved 1048576K
Event: 2169.064 GC heap after
Heap after GC invocations=35 (full 4):
 PSYoungGen      total 481792K, used 6432K [0x00000000d5580000, 0x00000000fc680000, 0x0000000100000000)
  eden space 402432K, 0% used [0x00000000d5580000,0x00000000d5580000,0x00000000ede80000)
  from space 79360K, 8% used [0x00000000ede80000,0x00000000ee4c83b8,0x00000000f2c00000)
  to   space 79360K, 0% used [0x00000000f7900000,0x00000000f7900000,0x00000000fc680000)
 ParOldGen       total 287232K, used 166120K [0x0000000080000000, 0x0000000091880000, 0x00000000d5580000)
  object space 287232K, 57% used [0x0000000080000000,0x000000008a23a008,0x0000000091880000)
 Metaspace       used 116586K, capacity 123832K, committed 123980K, reserved 1157120K
  class space    used 15127K, capacity 16494K, committed 16512K, reserved 1048576K
}

