# JRE version: OpenJDK Runtime Environment (8.0_242-b01) (build 1.8.0_242-release-1644-b01)
# Java VM: OpenJDK 64-Bit Server VM (25.242-b01 mixed mode windows-amd64 compressed oops)
Heap:
 PSYoungGen      total 616448K, used 120820K [0x00000000d5580000, 0x0000000100000000, 0x0000000100000000)
  eden space 564736K, 12% used [0x00000000d5580000,0x00000000d9975090,0x00000000f7d00000)
  from space 51712K, 99% used [0x00000000f7d00000,0x00000000faf07f70,0x00000000faf80000)
  to   space 71168K, 0% used [0x00000000fba80000,0x00000000fba80000,0x0000000100000000)
 ParOldGen       total 401408K, used 285253K [0x0000000080000000, 0x0000000098800000, 0x00000000d5580000)
  object space 401408K, 71% used [0x0000000080000000,0x0000000091691748,0x0000000098800000)
 Metaspace       used 171906K, capacity 182333K, committed 182552K, reserved 1208320K
  class space    used 22360K, capacity 24399K, committed 24616K, reserved 1048576K
GC Heap History (10 events):
Event: 3301.236 GC heap before
{Heap before GC invocations=64 (full 5):
 PSYoungGen      total 622592K, used 559260K [0x00000000d5580000, 0x00000000ffc80000, 0x0000000100000000)
  eden space 550912K, 100% used [0x00000000d5580000,0x00000000f6f80000,0x00000000f6f80000)
  from space 71680K, 11% used [0x00000000fb680000,0x00000000fbea72e0,0x00000000ffc80000)
  to   space 72192K, 0% used [0x00000000f6f80000,0x00000000f6f80000,0x00000000fb600000)
 ParOldGen       total 401408K, used 269752K [0x0000000080000000, 0x0000000098800000, 0x00000000d5580000)
  object space 401408K, 67% used [0x0000000080000000,0x000000009076e250,0x0000000098800000)
 Metaspace       used 171744K, capacity 182195K, committed 182552K, reserved 1208320K
  class space    used 22359K, capacity 24398K, committed 24616K, reserved 1048576K
Event: 3301.255 GC heap after
Heap after GC invocations=64 (full 5):
 PSYoungGen      total 623104K, used 10290K [0x00000000d5580000, 0x00000000ffc80000, 0x0000000100000000)
  eden space 550912K, 0% used [0x00000000d5580000,0x00000000d5580000,0x00000000f6f80000)
  from space 72192K, 14% used [0x00000000f6f80000,0x00000000f798c928,0x00000000fb600000)
  to   space 70144K, 0% used [0x00000000fb800000,0x00000000fb800000,0x00000000ffc80000)
 ParOldGen       total 401408K, used 273714K [0x0000000080000000, 0x0000000098800000, 0x00000000d5580000)
  object space 401408K, 68% used [0x0000000080000000,0x0000000090b4c840,0x0000000098800000)
 Metaspace       used 171744K, capacity 182195K, committed 182552K, reserved 1208320K
  class space    used 22359K, capacity 24398K, committed 24616K, reserved 1048576K
}
Event: 3301.719 GC heap before
{Heap before GC invocations=65 (full 5):
 PSYoungGen      total 623104K, used 561202K [0x00000000d5580000, 0x00000000ffc80000, 0x0000000100000000)
  eden space 550912K, 100% used [0x00000000d5580000,0x00000000f6f80000,0x00000000f6f80000)
  from space 72192K, 14% used [0x00000000f6f80000,0x00000000f798c928,0x00000000fb600000)
  to   space 70144K, 0% used [0x00000000fb800000,0x00000000fb800000,0x00000000ffc80000)
 ParOldGen       total 401408K, used 273714K [0x0000000080000000, 0x0000000098800000, 0x00000000d5580000)
  object space 401408K, 68% used [0x0000000080000000,0x0000000090b4c840,0x0000000098800000)
 Metaspace       used 171772K, capacity 182199K, committed 182552K, reserved 1208320K
  class space    used 22359K, capacity 24398K, committed 24616K, reserved 1048576K
Event: 3301.734 GC heap after
Heap after GC invocations=65 (full 5):
 PSYoungGen      total 624128K, used 9449K [0x00000000d5580000, 0x00000000ffa00000, 0x0000000100000000)
  eden space 556544K, 0% used [0x00000000d5580000,0x00000000d5580000,0x00000000f7500000)
  from space 67584K, 13% used [0x00000000fb800000,0x00000000fc13a7d8,0x00000000ffa00000)
  to   space 68096K, 0% used [0x00000000f7500000,0x00000000f7500000,0x00000000fb780000)
 ParOldGen       total 401408K, used 277245K [0x0000000080000000, 0x0000000098800000, 0x00000000d5580000)
  object space 401408K, 69% used [0x0000000080000000,0x0000000090ebf768,0x0000000098800000)
 Metaspace       used 171772K, capacity 182199K, committed 182552K, reserved 1208320K
  class space    used 22359K, capacity 24398K, committed 24616K, reserved 1048576K
}
Event: 3302.329 GC heap before
{Heap before GC invocations=66 (full 5):
 PSYoungGen      total 624128K, used 565993K [0x00000000d5580000, 0x00000000ffa00000, 0x0000000100000000)
  eden space 556544K, 100% used [0x00000000d5580000,0x00000000f7500000,0x00000000f7500000)
  from space 67584K, 13% used [0x00000000fb800000,0x00000000fc13a7d8,0x00000000ffa00000)
  to   space 68096K, 0% used [0x00000000f7500000,0x00000000f7500000,0x00000000fb780000)
 ParOldGen       total 401408K, used 277245K [0x0000000080000000, 0x0000000098800000, 0x00000000d5580000)
  object space 401408K, 69% used [0x0000000080000000,0x0000000090ebf768,0x0000000098800000)
 Metaspace       used 171782K, capacity 182199K, committed 182552K, reserved 1208320K
  class space    used 22359K, capacity 24398K, committed 24616K, reserved 1048576K
Event: 3302.345 GC heap after
Heap after GC invocations=66 (full 5):
 PSYoungGen      total 624640K, used 11987K [0x00000000d5580000, 0x00000000ffb80000, 0x0000000100000000)
  eden space 556544K, 0% used [0x00000000d5580000,0x00000000d5580000,0x00000000f7500000)
  from space 68096K, 17% used [0x00000000f7500000,0x00000000f80b4df0,0x00000000fb780000)
  to   space 65536K, 0% used [0x00000000fbb80000,0x00000000fbb80000,0x00000000ffb80000)
 ParOldGen       total 401408K, used 282018K [0x0000000080000000, 0x0000000098800000, 0x00000000d5580000)
  object space 401408K, 70% used [0x0000000080000000,0x0000000091368878,0x0000000098800000)
 Metaspace       used 171782K, capacity 182199K, committed 182552K, reserved 1208320K
  class space    used 22359K, capacity 24398K, committed 24616K, reserved 1048576K
}
Event: 3303.198 GC heap before
{Heap before GC invocations=67 (full 5):
 PSYoungGen      total 624640K, used 568531K [0x00000000d5580000, 0x00000000ffb80000, 0x0000000100000000)
  eden space 556544K, 100% used [0x00000000d5580000,0x00000000f7500000,0x00000000f7500000)
  from space 68096K, 17% used [0x00000000f7500000,0x00000000f80b4df0,0x00000000fb780000)
  to   space 65536K, 0% used [0x00000000fbb80000,0x00000000fbb80000,0x00000000ffb80000)
 ParOldGen       total 401408K, used 282018K [0x0000000080000000, 0x0000000098800000, 0x00000000d5580000)
  object space 401408K, 70% used [0x0000000080000000,0x0000000091368878,0x0000000098800000)
 Metaspace       used 171805K, capacity 182199K, committed 182552K, reserved 1208320K
  class space    used 22359K, capacity 24398K, committed 24616K, reserved 1048576K
Event: 3303.206 GC heap after
Heap after GC invocations=67 (full 5):
 PSYoungGen      total 629248K, used 3296K [0x00000000d5580000, 0x00000000ffa80000, 0x0000000100000000)
  eden space 564736K, 0% used [0x00000000d5580000,0x00000000d5580000,0x00000000f7d00000)
  from space 64512K, 5% used [0x00000000fbb80000,0x00000000fbeb8000,0x00000000ffa80000)
  to   space 64000K, 0% used [0x00000000f7d00000,0x00000000f7d00000,0x00000000fbb80000)
 ParOldGen       total 401408K, used 284210K [0x0000000080000000, 0x0000000098800000, 0x00000000d5580000)
  object space 401408K, 70% used [0x0000000080000000,0x000000009158cb78,0x0000000098800000)
 Metaspace       used 171805K, capacity 182199K, committed 182552K, reserved 1208320K
  class space    used 22359K, capacity 24398K, committed 24616K, reserved 1048576K
}
Event: 3304.345 GC heap before
{Heap before GC invocations=68 (full 5):
 PSYoungGen      total 629248K, used 568032K [0x00000000d5580000, 0x00000000ffa80000, 0x0000000100000000)
  eden space 564736K, 100% used [0x00000000d5580000,0x00000000f7d00000,0x00000000f7d00000)
  from space 64512K, 5% used [0x00000000fbb80000,0x00000000fbeb8000,0x00000000ffa80000)
  to   space 64000K, 0% used [0x00000000f7d00000,0x00000000f7d00000,0x00000000fbb80000)
 ParOldGen       total 401408K, used 284210K [0x0000000080000000, 0x0000000098800000, 0x00000000d5580000)
  object space 401408K, 70% used [0x0000000080000000,0x000000009158cb78,0x0000000098800000)
 Metaspace       used 171844K, capacity 182269K, committed 182552K, reserved 1208320K
  class space    used 22360K, capacity 24399K, committed 24616K, reserved 1048576K
Event: 3304.385 GC heap after
Heap after GC invocations=68 (full 5):
 PSYoungGen      total 616448K, used 51231K [0x00000000d5580000, 0x0000000100000000, 0x0000000100000000)
  eden space 564736K, 0% used [0x00000000d5580000,0x00000000d5580000,0x00000000f7d00000)
  from space 51712K, 99% used [0x00000000f7d00000,0x00000000faf07f70,0x00000000faf80000)
  to   space 71168K, 0% used [0x00000000fba80000,0x00000000fba80000,0x0000000100000000)
 ParOldGen       total 401408K, used 285253K [0x0000000080000000, 0x0000000098800000, 0x00000000d5580000)
  object space 401408K, 71% used [0x0000000080000000,0x0000000091691748,0x0000000098800000)
 Metaspace       used 171844K, capacity 182269K, committed 182552K, reserved 1208320K
  class space    used 22360K, capacity 24399K, committed 24616K, reserved 1048576K
}

